  [1m[36m (1.2ms)[0m  [1mCREATE TABLE "schema_migrations" ("version" varchar NOT NULL) [0m
  [1m[35m (0.0ms)[0m  select sqlite_version(*)
  [1m[36m (1.0ms)[0m  [1mCREATE UNIQUE INDEX "unique_schema_migrations" ON "schema_migrations" ("version")[0m
  [1m[35mActiveRecord::SchemaMigration Load (0.1ms)[0m  SELECT "schema_migrations".* FROM "schema_migrations"
  [1m[36mActiveRecord::SchemaMigration Load (0.1ms)[0m  [1mSELECT "schema_migrations".* FROM "schema_migrations"[0m
Migrating to CreatePosts (20151230232412)
  [1m[35m (0.1ms)[0m  begin transaction
  [1m[36m (0.4ms)[0m  [1mCREATE TABLE "posts" ("id" INTEGER PRIMARY KEY AUTOINCREMENT NOT NULL, "title" varchar, "description" text, "created_at" datetime NOT NULL, "updated_at" datetime NOT NULL) [0m
  [1m[35mSQL (0.2ms)[0m  INSERT INTO "schema_migrations" ("version") VALUES (?)  [["version", "20151230232412"]]
  [1m[36m (1.3ms)[0m  [1mcommit transaction[0m
  [1m[35mActiveRecord::SchemaMigration Load (0.1ms)[0m  SELECT "schema_migrations".* FROM "schema_migrations"


Started GET "/" for ::1 at 2019-03-14 22:12:46 -0400
  [1m[36mActiveRecord::SchemaMigration Load (0.1ms)[0m  [1mSELECT "schema_migrations".* FROM "schema_migrations"[0m
Processing by Rails::WelcomeController#index as HTML
  Rendered /Users/rt/.rvm/gems/ruby-2.6.1/gems/railties-4.2.11.1/lib/rails/templates/rails/welcome/index.html.erb (0.9ms)
Completed 200 OK in 13ms (Views: 6.7ms | ActiveRecord: 0.0ms)


Started GET "/posts" for ::1 at 2019-03-14 22:12:51 -0400
Processing by PostsController#index as HTML
  [1m[35mPost Load (0.1ms)[0m  SELECT "posts".* FROM "posts"
  Rendered posts/index.html.erb within layouts/application (1.0ms)
Completed 200 OK in 262ms (Views: 260.6ms | ActiveRecord: 0.2ms)


Started GET "/assets/application.self-e80e8f2318043e8af94dddc2adad5a4f09739a8ebb323b3ab31cd71d45fd9113.css?body=1" for ::1 at 2019-03-14 22:12:52 -0400


Started GET "/assets/jquery.self-bd7ddd393353a8d2480a622e80342adf488fb6006d667e8b42e4c0073393abee.js?body=1" for ::1 at 2019-03-14 22:12:52 -0400


Started GET "/assets/jquery_ujs.self-784a997f6726036b1993eb2217c9cb558e1cbb801c6da88105588c56f13b466a.js?body=1" for ::1 at 2019-03-14 22:12:52 -0400


Started GET "/assets/turbolinks.self-569ee74eaa15c1e2019317ff770b8769b1ec033a0f572a485f64c82ddc8f989e.js?body=1" for ::1 at 2019-03-14 22:12:52 -0400


Started GET "/assets/application.self-3b8dabdc891efe46b9a144b400ad69e37d7e5876bdc39dee783419a69d7ca819.js?body=1" for ::1 at 2019-03-14 22:12:52 -0400


Started GET "/post" for ::1 at 2019-03-14 22:13:12 -0400

ActionController::RoutingError (No route matches [GET] "/post"):
  actionpack (4.2.11.1) lib/action_dispatch/middleware/debug_exceptions.rb:21:in `call'
  actionpack (4.2.11.1) lib/action_dispatch/middleware/show_exceptions.rb:30:in `call'
  railties (4.2.11.1) lib/rails/rack/logger.rb:38:in `call_app'
  railties (4.2.11.1) lib/rails/rack/logger.rb:20:in `block in call'
  activesupport (4.2.11.1) lib/active_support/tagged_logging.rb:68:in `block in tagged'
  activesupport (4.2.11.1) lib/active_support/tagged_logging.rb:26:in `tagged'
  activesupport (4.2.11.1) lib/active_support/tagged_logging.rb:68:in `tagged'
  railties (4.2.11.1) lib/rails/rack/logger.rb:20:in `call'
  actionpack (4.2.11.1) lib/action_dispatch/middleware/request_id.rb:21:in `call'
  rack (1.6.11) lib/rack/methodoverride.rb:22:in `call'
  rack (1.6.11) lib/rack/runtime.rb:18:in `call'
  activesupport (4.2.11.1) lib/active_support/cache/strategy/local_cache_middleware.rb:28:in `call'
  rack (1.6.11) lib/rack/lock.rb:17:in `call'
  actionpack (4.2.11.1) lib/action_dispatch/middleware/static.rb:120:in `call'
  rack (1.6.11) lib/rack/sendfile.rb:113:in `call'
  railties (4.2.11.1) lib/rails/engine.rb:518:in `call'
  railties (4.2.11.1) lib/rails/application.rb:165:in `call'
  rack (1.6.11) lib/rack/lock.rb:17:in `call'
  rack (1.6.11) lib/rack/content_length.rb:15:in `call'
  rack (1.6.11) lib/rack/handler/webrick.rb:88:in `service'
  /Users/rt/.rvm/rubies/ruby-2.6.1/lib/ruby/2.6.0/webrick/httpserver.rb:140:in `service'
  /Users/rt/.rvm/rubies/ruby-2.6.1/lib/ruby/2.6.0/webrick/httpserver.rb:96:in `run'
  /Users/rt/.rvm/rubies/ruby-2.6.1/lib/ruby/2.6.0/webrick/server.rb:307:in `block in start_thread'


  Rendered /Users/rt/.rvm/gems/ruby-2.6.1/gems/actionpack-4.2.11.1/lib/action_dispatch/middleware/templates/rescues/_trace.html.erb (0.8ms)
  Rendered /Users/rt/.rvm/gems/ruby-2.6.1/gems/actionpack-4.2.11.1/lib/action_dispatch/middleware/templates/routes/_route.html.erb (0.4ms)
  Rendered /Users/rt/.rvm/gems/ruby-2.6.1/gems/actionpack-4.2.11.1/lib/action_dispatch/middleware/templates/routes/_table.html.erb (4.5ms)
  Rendered /Users/rt/.rvm/gems/ruby-2.6.1/gems/actionpack-4.2.11.1/lib/action_dispatch/middleware/templates/rescues/_request_and_response.html.erb (1.0ms)
  Rendered /Users/rt/.rvm/gems/ruby-2.6.1/gems/actionpack-4.2.11.1/lib/action_dispatch/middleware/templates/rescues/routing_error.html.erb within rescues/layout (25.1ms)


Started GET "/posts" for ::1 at 2019-03-14 22:13:16 -0400
Processing by PostsController#index as HTML
  [1m[36mPost Load (0.8ms)[0m  [1mSELECT "posts".* FROM "posts"[0m
  Rendered posts/index.html.erb within layouts/application (1.5ms)
Completed 200 OK in 25ms (Views: 24.0ms | ActiveRecord: 0.8ms)


Started GET "/posts" for ::1 at 2019-03-14 22:13:17 -0400
Processing by PostsController#index as HTML
  [1m[35mPost Load (0.1ms)[0m  SELECT "posts".* FROM "posts"
  Rendered posts/index.html.erb within layouts/application (0.4ms)
Completed 200 OK in 15ms (Views: 14.3ms | ActiveRecord: 0.1ms)


Started GET "/posts" for ::1 at 2019-03-14 22:13:17 -0400
Processing by PostsController#index as HTML
  [1m[36mPost Load (0.1ms)[0m  [1mSELECT "posts".* FROM "posts"[0m
  Rendered posts/index.html.erb within layouts/application (1.2ms)
Completed 200 OK in 22ms (Views: 20.9ms | ActiveRecord: 0.1ms)


Started GET "/posts" for ::1 at 2019-03-14 22:13:17 -0400
Processing by PostsController#index as HTML
  [1m[35mPost Load (0.1ms)[0m  SELECT "posts".* FROM "posts"
  Rendered posts/index.html.erb within layouts/application (0.4ms)
Completed 200 OK in 17ms (Views: 16.6ms | ActiveRecord: 0.1ms)


Started GET "/posts" for ::1 at 2019-03-14 22:13:26 -0400
Processing by PostsController#index as HTML
  [1m[36mPost Load (0.2ms)[0m  [1mSELECT "posts".* FROM "posts"[0m
  Rendered posts/index.html.erb within layouts/application (1.3ms)
Completed 200 OK in 12ms (Views: 11.4ms | ActiveRecord: 0.2ms)


Started GET "/posts" for ::1 at 2019-03-14 22:14:05 -0400
Processing by PostsController#index as HTML
  [1m[35mPost Load (0.1ms)[0m  SELECT "posts".* FROM "posts"
  Rendered posts/index.html.erb within layouts/application (0.6ms)
Completed 200 OK in 7ms (Views: 6.9ms | ActiveRecord: 0.1ms)


Started GET "/posts" for ::1 at 2019-03-14 22:14:06 -0400
Processing by PostsController#index as HTML
  [1m[36mPost Load (0.1ms)[0m  [1mSELECT "posts".* FROM "posts"[0m
  Rendered posts/index.html.erb within layouts/application (0.4ms)
Completed 200 OK in 9ms (Views: 8.0ms | ActiveRecord: 0.1ms)


Started GET "/posts" for ::1 at 2019-03-14 22:14:06 -0400
Processing by PostsController#index as HTML
  [1m[35mPost Load (0.1ms)[0m  SELECT "posts".* FROM "posts"
  Rendered posts/index.html.erb within layouts/application (0.4ms)
Completed 200 OK in 22ms (Views: 21.3ms | ActiveRecord: 0.1ms)


Started GET "/posts" for ::1 at 2019-03-14 22:14:06 -0400
Processing by PostsController#index as HTML
  [1m[36mPost Load (0.1ms)[0m  [1mSELECT "posts".* FROM "posts"[0m
  Rendered posts/index.html.erb within layouts/application (0.4ms)
Completed 200 OK in 15ms (Views: 14.2ms | ActiveRecord: 0.1ms)


Started GET "/posts" for ::1 at 2019-03-14 22:14:06 -0400
Processing by PostsController#index as HTML
  [1m[35mPost Load (0.1ms)[0m  SELECT "posts".* FROM "posts"
  Rendered posts/index.html.erb within layouts/application (0.5ms)
Completed 200 OK in 20ms (Views: 19.2ms | ActiveRecord: 0.1ms)
  [1m[36mPost Load (1.2ms)[0m  [1mSELECT "posts".* FROM "posts"[0m
  [1m[35m (0.1ms)[0m  begin transaction
  [1m[36mSQL (0.6ms)[0m  [1mINSERT INTO "posts" ("created_at", "updated_at") VALUES (?, ?)[0m  [["created_at", "2019-03-15 02:14:29.343523"], ["updated_at", "2019-03-15 02:14:29.343523"]]
  [1m[35m (1.1ms)[0m  commit transaction
  [1m[36mPost Load (0.3ms)[0m  [1mSELECT "posts".* FROM "posts"[0m
  [1m[35mPost Load (0.3ms)[0m  SELECT "posts".* FROM "posts"
  [1m[36m (0.1ms)[0m  [1mbegin transaction[0m
  [1m[35mSQL (0.4ms)[0m  INSERT INTO "posts" ("created_at", "updated_at") VALUES (?, ?)  [["created_at", "2019-03-15 02:14:44.748812"], ["updated_at", "2019-03-15 02:14:44.748812"]]
  [1m[36m (1.3ms)[0m  [1mcommit transaction[0m
  [1m[35mPost Load (0.3ms)[0m  SELECT "posts".* FROM "posts"


Started GET "/posts" for ::1 at 2019-03-14 22:15:01 -0400
Processing by PostsController#index as HTML
  [1m[36mPost Load (0.1ms)[0m  [1mSELECT "posts".* FROM "posts"[0m
  Rendered posts/index.html.erb within layouts/application (9.0ms)
Completed 500 Internal Server Error in 12ms (ActiveRecord: 0.3ms)

ActionView::Template::Error (wrong number of arguments (given 1, expected 0)):
    2: 
    3: <ul>
    4: <% @posts.each do |post| %>
    5:   <li><%= link_to post.title post_path(post) %></li>
    6: <% end %>
    7: </ul>
  app/views/posts/index.html.erb:5:in `block in _app_views_posts_index_html_erb___1775807889942132862_70346545945620'
  app/views/posts/index.html.erb:4:in `_app_views_posts_index_html_erb___1775807889942132862_70346545945620'


  Rendered /Users/rt/.rvm/gems/ruby-2.6.1/gems/actionpack-4.2.11.1/lib/action_dispatch/middleware/templates/rescues/_source.erb (3.6ms)
  Rendered /Users/rt/.rvm/gems/ruby-2.6.1/gems/actionpack-4.2.11.1/lib/action_dispatch/middleware/templates/rescues/_trace.html.erb (1.4ms)
  Rendered /Users/rt/.rvm/gems/ruby-2.6.1/gems/actionpack-4.2.11.1/lib/action_dispatch/middleware/templates/rescues/_request_and_response.html.erb (0.5ms)
  Rendered /Users/rt/.rvm/gems/ruby-2.6.1/gems/actionpack-4.2.11.1/lib/action_dispatch/middleware/templates/rescues/template_error.html.erb within rescues/layout (14.0ms)


Started GET "/posts" for ::1 at 2019-03-14 22:15:58 -0400
Processing by PostsController#index as HTML
  [1m[35mPost Load (0.1ms)[0m  SELECT "posts".* FROM "posts"
  Rendered posts/index.html.erb within layouts/application (0.9ms)
Completed 200 OK in 9ms (Views: 8.5ms | ActiveRecord: 0.1ms)


Started GET "/posts/1" for ::1 at 2019-03-14 22:16:00 -0400
Processing by PostsController#show as HTML
  Parameters: {"id"=>"1"}
  [1m[36mPost Load (0.3ms)[0m  [1mSELECT  "posts".* FROM "posts" WHERE "posts"."id" = ? LIMIT 1[0m  [["id", 1]]
  Rendered posts/show.html.erb within layouts/application (0.4ms)
Completed 200 OK in 16ms (Views: 8.9ms | ActiveRecord: 0.3ms)


Started GET "/posts/2" for ::1 at 2019-03-14 22:16:01 -0400
Processing by PostsController#show as HTML
  Parameters: {"id"=>"2"}
  [1m[35mPost Load (0.1ms)[0m  SELECT  "posts".* FROM "posts" WHERE "posts"."id" = ? LIMIT 1  [["id", 2]]
  Rendered posts/show.html.erb within layouts/application (0.1ms)
Completed 200 OK in 11ms (Views: 10.0ms | ActiveRecord: 0.1ms)
